[2018-03-07T15:10:41.864] [INFO] response - 
*************** response log start ***************
request method: GET
request originalUrl:  /api/users/getUser
request client ip:  ::ffff:127.0.0.1
request query:  {}
response time: 11
response status: 200
response body: 
"{\n  \"code\": 0,\n  \"isok\": true,\n  \"message\": \"success\",\n  \"data\": {\n    \"username\": \"龙凡·炎\",\n    \"id\": 217\n  }\n}"
*************** response log end ***************

[2018-03-07T15:12:12.766] [INFO] response - 
*************** response log start ***************
request method: GET
request originalUrl:  /api/users/getUser
request client ip:  ::ffff:127.0.0.1
request query:  {}
response time: 10
response status: 200
response body: 
"{\n  \"code\": 0,\n  \"isok\": true,\n  \"message\": \"success\",\n  \"data\": {\n    \"username\": \"龙凡·炎\",\n    \"id\": 217\n  }\n}"
*************** response log end ***************

[2018-03-07T15:16:36.483] [INFO] response - 
*************** response log start ***************
request method: GET
request originalUrl:  /api/users/getUser?id=1
request client ip:  ::ffff:127.0.0.1
request query:  {"id":"1"}
response time: 2
response status: 200
response body: 
"{\n  \"code\": 0,\n  \"isok\": true,\n  \"message\": \"success\",\n  \"data\": {\n    \"username\": \"龙凡·炎\",\n    \"id\": 217\n  }\n}"
*************** response log end ***************

[2018-03-07T15:16:47.362] [INFO] response - 
*************** response log start ***************
request method: GET
request originalUrl:  /api/users/getUser?id=1
request client ip:  ::ffff:127.0.0.1
request query:  {"id":"1"}
response time: 2
response status: 200
response body: 
"{\n  \"code\": 0,\n  \"isok\": true,\n  \"message\": \"success\",\n  \"data\": {\n    \"username\": \"龙凡·炎\",\n    \"id\": 217\n  }\n}"
*************** response log end ***************

[2018-03-07T15:17:19.027] [INFO] response - 
*************** response log start ***************
request method: GET
request originalUrl:  /api/users/getUser?id=1
request client ip:  ::ffff:127.0.0.1
request query:  {"id":"1"}
response time: 8
response status: 200
response body: 
"{\n  \"code\": 0,\n  \"isok\": true,\n  \"message\": \"success\",\n  \"data\": {\n    \"username\": \"龙凡·炎\",\n    \"id\": 217\n  }\n}"
*************** response log end ***************

[2018-03-07T15:17:40.643] [INFO] response - 
*************** response log start ***************
request method: GET
request originalUrl:  /api/users/getUser?id=1
request client ip:  ::ffff:127.0.0.1
request query:  {"id":"1"}
response time: 1
response status: 200
response body: 
"{\n  \"code\": 0,\n  \"isok\": true,\n  \"message\": \"success\",\n  \"data\": {\n    \"username\": \"龙凡·炎\",\n    \"id\": 217\n  }\n}"
*************** response log end ***************

[2018-03-07T15:20:11.522] [INFO] response - 
*************** response log start ***************
request method: GET
request originalUrl:  /api/users/getUser?id=1
request client ip:  ::ffff:127.0.0.1
request query:  {"id":"1"}
response time: 1
response status: 200
response body: 
"{\n  \"code\": 0,\n  \"isok\": true,\n  \"message\": \"success\",\n  \"data\": {\n    \"username\": \"龙凡·炎\",\n    \"id\": 217\n  }\n}"
*************** response log end ***************

[2018-03-07T15:26:02.717] [INFO] response - 
*************** response log start ***************
request method: GET
request originalUrl:  /
request client ip:  ::ffff:127.0.0.1
request query:  {}
response time: 457
response status: 200
response body: 
"<!DOCTYPE html><html><head><title>Hello Koa 2!</title><link rel=\"stylesheet\" href=\"/stylesheets/style.css\"></head><body><h1>Hello Koa 2!</h1><p>Welcome to Hello Koa 2!</p></body></html>"
*************** response log end ***************

[2018-03-07T15:26:02.724] [INFO] response - 
*************** response log start ***************
request method: GET
request originalUrl:  /stylesheets/style.css
request client ip:  ::ffff:127.0.0.1
request query:  {}
response time: 1
response status: 200
response body: 
{"_readableState":{"objectMode":false,"highWaterMark":65536,"buffer":{"head":null,"tail":null,"length":0},"length":0,"pipes":null,"pipesCount":0,"flowing":null,"ended":false,"endEmitted":false,"reading":false,"sync":true,"needReadable":false,"emittedReadable":false,"readableListening":false,"resumeScheduled":false,"destroyed":false,"defaultEncoding":"utf8","awaitDrain":0,"readingMore":false,"decoder":null,"encoding":null},"readable":true,"domain":null,"_events":{},"_eventsCount":2,"path":"F:\\koa\\test\\public\\stylesheets\\style.css","fd":null,"flags":"r","mode":438,"autoClose":true,"bytesRead":0}
*************** response log end ***************

