[2018-03-07T11:15:46.652] [INFO] response - 
*************** response log start ***************
request method: GET
request originalUrl:  /
request client ip:  ::ffff:127.0.0.1
request query:  {}
response time: 519
response status: 200
response body: 
"<!DOCTYPE html><html><head><title>Hello Koa 2!</title><link rel=\"stylesheet\" href=\"/stylesheets/style.css\"></head><body><h1>Hello Koa 2!</h1><p>Welcome to Hello Koa 2!</p></body></html>"
*************** response log end ***************

[2018-03-07T11:15:46.666] [INFO] response - 
*************** response log start ***************
request method: GET
request originalUrl:  /stylesheets/style.css
request client ip:  ::ffff:127.0.0.1
request query:  {}
response time: 2
response status: 200
response body: 
{"_readableState":{"objectMode":false,"highWaterMark":65536,"buffer":{"head":null,"tail":null,"length":0},"length":0,"pipes":null,"pipesCount":0,"flowing":null,"ended":false,"endEmitted":false,"reading":false,"sync":true,"needReadable":false,"emittedReadable":false,"readableListening":false,"resumeScheduled":false,"destroyed":false,"defaultEncoding":"utf8","awaitDrain":0,"readingMore":false,"decoder":null,"encoding":null},"readable":true,"domain":null,"_events":{},"_eventsCount":2,"path":"F:\\koa\\test\\public\\stylesheets\\style.css","fd":null,"flags":"r","mode":438,"autoClose":true,"bytesRead":0}
*************** response log end ***************

[2018-03-07T11:15:47.121] [INFO] response - 
*************** response log start ***************
request method: GET
request originalUrl:  /stylesheets/style.css
request client ip:  ::ffff:127.0.0.1
request query:  {}
response time: 1
response status: 200
response body: 
{"_readableState":{"objectMode":false,"highWaterMark":65536,"buffer":{"head":null,"tail":null,"length":0},"length":0,"pipes":null,"pipesCount":0,"flowing":null,"ended":false,"endEmitted":false,"reading":false,"sync":true,"needReadable":false,"emittedReadable":false,"readableListening":false,"resumeScheduled":false,"destroyed":false,"defaultEncoding":"utf8","awaitDrain":0,"readingMore":false,"decoder":null,"encoding":null},"readable":true,"domain":null,"_events":{},"_eventsCount":2,"path":"F:\\koa\\test\\public\\stylesheets\\style.css","fd":null,"flags":"r","mode":438,"autoClose":true,"bytesRead":0}
*************** response log end ***************

[2018-03-07T11:15:51.951] [INFO] response - 
*************** response log start ***************
request method: GET
request originalUrl:  /users
request client ip:  ::ffff:127.0.0.1
request query:  {}
response time: 0
response status: 200
response body: 
"this is a users response!"
*************** response log end ***************

[2018-03-07T11:17:02.583] [INFO] response - 
*************** response log start ***************
request method: GET
request originalUrl:  /
request client ip:  ::ffff:127.0.0.1
request query:  {}
response time: 451
response status: 200
response body: 
"<!DOCTYPE html><html><head><title>Hello Koa 2!</title><link rel=\"stylesheet\" href=\"/stylesheets/style.css\"></head><body><h1>Hello Koa 2!</h1><p>Welcome to Hello Koa 2!</p></body></html>"
*************** response log end ***************

[2018-03-07T11:17:02.593] [INFO] response - 
*************** response log start ***************
request method: GET
request originalUrl:  /stylesheets/style.css
request client ip:  ::ffff:127.0.0.1
request query:  {}
response time: 2
response status: 200
response body: 
{"_readableState":{"objectMode":false,"highWaterMark":65536,"buffer":{"head":null,"tail":null,"length":0},"length":0,"pipes":null,"pipesCount":0,"flowing":null,"ended":false,"endEmitted":false,"reading":false,"sync":true,"needReadable":false,"emittedReadable":false,"readableListening":false,"resumeScheduled":false,"destroyed":false,"defaultEncoding":"utf8","awaitDrain":0,"readingMore":false,"decoder":null,"encoding":null},"readable":true,"domain":null,"_events":{},"_eventsCount":2,"path":"F:\\koa\\test\\public\\stylesheets\\style.css","fd":null,"flags":"r","mode":438,"autoClose":true,"bytesRead":0}
*************** response log end ***************

[2018-03-07T11:27:46.894] [INFO] response - 
*************** response log start ***************
request method: GET
request originalUrl:  /api/users/getUser
request client ip:  ::ffff:127.0.0.1
request query:  {}
response time: 9
response status: 200
response body: 
"{\n  \"code\": 0,\n  \"isok\": true,\n  \"message\": \"success\",\n  \"data\": {\n    \"username\": \"龙凡·炎\",\n    \"id\": 217\n  }\n}"
*************** response log end ***************

[2018-03-07T11:27:55.513] [INFO] response - 
*************** response log start ***************
request method: GET
request originalUrl:  /api/users/getUser
request client ip:  ::ffff:127.0.0.1
request query:  {}
response time: 1
response status: 200
response body: 
"{\n  \"code\": 0,\n  \"isok\": true,\n  \"message\": \"success\",\n  \"data\": {\n    \"username\": \"龙凡·炎\",\n    \"id\": 217\n  }\n}"
*************** response log end ***************

[2018-03-07T11:29:26.814] [INFO] response - 
*************** response log start ***************
request method: GET
request originalUrl:  /api/users/getUser?id=1
request client ip:  ::ffff:127.0.0.1
request query:  {"id":"1"}
response time: 2
response status: 200
response body: 
"{\n  \"code\": 0,\n  \"isok\": true,\n  \"message\": \"success\",\n  \"data\": {\n    \"username\": \"龙凡·炎\",\n    \"id\": 217\n  }\n}"
*************** response log end ***************

[2018-03-07T11:29:30.350] [INFO] response - 
*************** response log start ***************
request method: GET
request originalUrl:  /api/users/getUser
request client ip:  ::ffff:127.0.0.1
request query:  {}
response time: 1
response status: 200
response body: 
"{\n  \"code\": 0,\n  \"isok\": true,\n  \"message\": \"success\",\n  \"data\": {\n    \"username\": \"龙凡·炎\",\n    \"id\": 217\n  }\n}"
*************** response log end ***************

[2018-03-07T11:46:30.888] [INFO] response - 
*************** response log start ***************
request method: GET
request originalUrl:  /api/users/getUser
request client ip:  ::ffff:127.0.0.1
request query:  {}
response time: 9
response status: 200
response body: 
"{\n  \"code\": 0,\n  \"isok\": false,\n  \"message\": \"error\",\n  \"data\": []\n}"
*************** response log end ***************

[2018-03-07T11:48:27.405] [INFO] response - 
*************** response log start ***************
request method: GET
request originalUrl:  /api/users/getUser
request client ip:  ::ffff:127.0.0.1
request query:  {}
response time: 8
response status: 200
response body: 
"{\n  \"code\": 0,\n  \"isok\": false,\n  \"message\": \"error\",\n  \"data\": []\n}"
*************** response log end ***************

[2018-03-07T11:55:41.104] [INFO] response - 
*************** response log start ***************
request method: GET
request originalUrl:  /api/users/getUser?id=1
request client ip:  ::ffff:127.0.0.1
request query:  {"id":"1"}
response time: 2
response status: 200
response body: 
"{\n  \"code\": 0,\n  \"isok\": true,\n  \"message\": \"success\",\n  \"data\": {\n    \"username\": \"龙凡·炎\",\n    \"id\": 217\n  }\n}"
*************** response log end ***************

