[2018-03-06T20:00:09.726] [INFO] response - 
*************** response log start ***************
request method: GET
request originalUrl:  /api/users/getUser
request client ip:  ::ffff:127.0.0.1
request query:  {}
response time: 6
response status: 404
response body: 
undefined
*************** response log end ***************

[2018-03-06T20:01:13.198] [INFO] response - 
*************** response log start ***************
request method: GET
request originalUrl:  /api/users/getUser
request client ip:  ::ffff:127.0.0.1
request query:  {}
response time: 1
response status: 404
response body: 
undefined
*************** response log end ***************

[2018-03-06T20:01:14.031] [INFO] response - 
*************** response log start ***************
request method: GET
request originalUrl:  /api/users/getUser
request client ip:  ::ffff:127.0.0.1
request query:  {}
response time: 1
response status: 404
response body: 
undefined
*************** response log end ***************

[2018-03-06T20:01:31.831] [INFO] response - 
*************** response log start ***************
request method: GET
request originalUrl:  /api/users/getUser
request client ip:  ::ffff:127.0.0.1
request query:  {}
response time: 6
response status: 404
response body: 
undefined
*************** response log end ***************

[2018-03-06T20:03:16.185] [INFO] response - 
*************** response log start ***************
request method: GET
request originalUrl:  /api/users/getUser
request client ip:  ::ffff:127.0.0.1
request query:  {}
response time: 8
response status: 200
response body: 
"{\n  \"username\": \"龙凡·炎\",\n  \"id\": 217\n}"
*************** response log end ***************

[2018-03-06T20:34:28.403] [INFO] response - 
*************** response log start ***************
request method: GET
request originalUrl:  /api/users/getUser
request client ip:  ::ffff:127.0.0.1
request query:  {}
response time: 8
response status: 200
response body: 
"{\n  \"code\": 0,\n  \"isok\": true,\n  \"message\": \"success\",\n  \"data\": {\n    \"username\": \"龙凡·炎\",\n    \"id\": 217\n  }\n}"
*************** response log end ***************

