[2018-03-06T17:26:10.470] [INFO] response - 
*************** response log start ***************
request method: GET
request originalUrl:  /user/getUser
request client ip:  ::ffff:127.0.0.1
request query:  {}
response time: 6
response status: 404
response body: 
undefined
*************** response log end ***************

[2018-03-06T17:26:16.347] [INFO] response - 
*************** response log start ***************
request method: GET
request originalUrl:  /api/users/getUser
request client ip:  ::ffff:127.0.0.1
request query:  {}
response time: 2
response status: 200
response body: 
"{\n  \"username\": \"龙凡·炎\",\n  \"id\": 217\n}"
*************** response log end ***************

