[2018-03-07T15:00:19.268] [ERROR] error - 
*************** error log start ***************
request method: GET
request originalUrl:  /api/users/getUser
request client ip:  ::ffff:127.0.0.1
request query:  {}
response time: 9
err name: userNotExist
err message: undefined
err stack: userNotExist
    at exports.getUser (F:\koa\test\app\controllers\user_controller.js:6:15)
    at dispatch (F:\koa\test\node_modules\_koa-compose@3.2.1@koa-compose\index.js:44:32)
    at next (F:\koa\test\node_modules\_koa-compose@3.2.1@koa-compose\index.js:45:18)
    at F:\koa\test\node_modules\_koa-router@7.4.0@koa-router\lib\router.js:346:16
    at dispatch (F:\koa\test\node_modules\_koa-compose@3.2.1@koa-compose\index.js:44:32)
    at F:\koa\test\node_modules\_koa-compose@3.2.1@koa-compose\index.js:36:12
    at dispatch (F:\koa\test\node_modules\_koa-router@7.4.0@koa-router\lib\router.js:351:31)
    at dispatch (F:\koa\test\node_modules\_koa-compose@4.0.0@koa-compose\index.js:42:32)
    at next (F:\koa\test\node_modules\_koa-compose@4.0.0@koa-compose\index.js:43:18)
    at dispatch (F:\koa\test\node_modules\_koa-router@7.4.0@koa-router\lib\router.js:332:32)
    at dispatch (F:\koa\test\node_modules\_koa-compose@4.0.0@koa-compose\index.js:42:32)
    at next (F:\koa\test\node_modules\_koa-compose@4.0.0@koa-compose\index.js:43:18)
    at dispatch (F:\koa\test\node_modules\_koa-router@7.4.0@koa-router\lib\router.js:332:32)
    at dispatch (F:\koa\test\node_modules\_koa-compose@4.0.0@koa-compose\index.js:42:32)
    at next (F:\koa\test\node_modules\_koa-compose@4.0.0@koa-compose\index.js:43:18)
    at F:\koa\test\middlewares\response_formatter.js:32:19
*************** error log end ***************

[2018-03-07T15:01:17.340] [ERROR] error - 
*************** error log start ***************
request method: GET
request originalUrl:  /api/users/getUser
request client ip:  ::ffff:127.0.0.1
request query:  {}
response time: 10
err name: userNotExist
err message: 
err stack: userNotExist
    at exports.getUser (F:\koa\test\app\controllers\user_controller.js:6:15)
    at dispatch (F:\koa\test\node_modules\_koa-compose@3.2.1@koa-compose\index.js:44:32)
    at next (F:\koa\test\node_modules\_koa-compose@3.2.1@koa-compose\index.js:45:18)
    at F:\koa\test\node_modules\_koa-router@7.4.0@koa-router\lib\router.js:346:16
    at dispatch (F:\koa\test\node_modules\_koa-compose@3.2.1@koa-compose\index.js:44:32)
    at F:\koa\test\node_modules\_koa-compose@3.2.1@koa-compose\index.js:36:12
    at dispatch (F:\koa\test\node_modules\_koa-router@7.4.0@koa-router\lib\router.js:351:31)
    at dispatch (F:\koa\test\node_modules\_koa-compose@4.0.0@koa-compose\index.js:42:32)
    at next (F:\koa\test\node_modules\_koa-compose@4.0.0@koa-compose\index.js:43:18)
    at dispatch (F:\koa\test\node_modules\_koa-router@7.4.0@koa-router\lib\router.js:332:32)
    at dispatch (F:\koa\test\node_modules\_koa-compose@4.0.0@koa-compose\index.js:42:32)
    at next (F:\koa\test\node_modules\_koa-compose@4.0.0@koa-compose\index.js:43:18)
    at dispatch (F:\koa\test\node_modules\_koa-router@7.4.0@koa-router\lib\router.js:332:32)
    at dispatch (F:\koa\test\node_modules\_koa-compose@4.0.0@koa-compose\index.js:42:32)
    at next (F:\koa\test\node_modules\_koa-compose@4.0.0@koa-compose\index.js:43:18)
    at F:\koa\test\middlewares\response_formatter.js:32:19
*************** error log end ***************

[2018-03-07T15:01:51.759] [ERROR] error - 
*************** error log start ***************
request method: GET
request originalUrl:  /api/users/getUser
request client ip:  ::ffff:127.0.0.1
request query:  {}
response time: 11
err name: userNotExist
err message: 
err stack: userNotExist
    at exports.getUser (F:\koa\test\app\controllers\user_controller.js:6:15)
    at dispatch (F:\koa\test\node_modules\_koa-compose@3.2.1@koa-compose\index.js:44:32)
    at next (F:\koa\test\node_modules\_koa-compose@3.2.1@koa-compose\index.js:45:18)
    at F:\koa\test\node_modules\_koa-router@7.4.0@koa-router\lib\router.js:346:16
    at dispatch (F:\koa\test\node_modules\_koa-compose@3.2.1@koa-compose\index.js:44:32)
    at F:\koa\test\node_modules\_koa-compose@3.2.1@koa-compose\index.js:36:12
    at dispatch (F:\koa\test\node_modules\_koa-router@7.4.0@koa-router\lib\router.js:351:31)
    at dispatch (F:\koa\test\node_modules\_koa-compose@4.0.0@koa-compose\index.js:42:32)
    at next (F:\koa\test\node_modules\_koa-compose@4.0.0@koa-compose\index.js:43:18)
    at dispatch (F:\koa\test\node_modules\_koa-router@7.4.0@koa-router\lib\router.js:332:32)
    at dispatch (F:\koa\test\node_modules\_koa-compose@4.0.0@koa-compose\index.js:42:32)
    at next (F:\koa\test\node_modules\_koa-compose@4.0.0@koa-compose\index.js:43:18)
    at dispatch (F:\koa\test\node_modules\_koa-router@7.4.0@koa-router\lib\router.js:332:32)
    at dispatch (F:\koa\test\node_modules\_koa-compose@4.0.0@koa-compose\index.js:42:32)
    at next (F:\koa\test\node_modules\_koa-compose@4.0.0@koa-compose\index.js:43:18)
    at F:\koa\test\middlewares\response_formatter.js:32:19
*************** error log end ***************

[2018-03-07T15:08:14.767] [ERROR] error - 
*************** error log start ***************
request method: GET
request originalUrl:  /api/users/getUser
request client ip:  ::ffff:127.0.0.1
request query:  {}
response time: 10
err name: userNotExist
err message: undefined
err stack: userNotExist
    at exports.getUser (F:\koa\test\app\controllers\user_controller.js:6:15)
    at dispatch (F:\koa\test\node_modules\_koa-compose@3.2.1@koa-compose\index.js:44:32)
    at next (F:\koa\test\node_modules\_koa-compose@3.2.1@koa-compose\index.js:45:18)
    at F:\koa\test\node_modules\_koa-router@7.4.0@koa-router\lib\router.js:346:16
    at dispatch (F:\koa\test\node_modules\_koa-compose@3.2.1@koa-compose\index.js:44:32)
    at F:\koa\test\node_modules\_koa-compose@3.2.1@koa-compose\index.js:36:12
    at dispatch (F:\koa\test\node_modules\_koa-router@7.4.0@koa-router\lib\router.js:351:31)
    at dispatch (F:\koa\test\node_modules\_koa-compose@4.0.0@koa-compose\index.js:42:32)
    at next (F:\koa\test\node_modules\_koa-compose@4.0.0@koa-compose\index.js:43:18)
    at dispatch (F:\koa\test\node_modules\_koa-router@7.4.0@koa-router\lib\router.js:332:32)
    at dispatch (F:\koa\test\node_modules\_koa-compose@4.0.0@koa-compose\index.js:42:32)
    at next (F:\koa\test\node_modules\_koa-compose@4.0.0@koa-compose\index.js:43:18)
    at dispatch (F:\koa\test\node_modules\_koa-router@7.4.0@koa-router\lib\router.js:332:32)
    at dispatch (F:\koa\test\node_modules\_koa-compose@4.0.0@koa-compose\index.js:42:32)
    at next (F:\koa\test\node_modules\_koa-compose@4.0.0@koa-compose\index.js:43:18)
    at F:\koa\test\middlewares\response_formatter.js:32:19
*************** error log end ***************

[2018-03-07T15:14:12.517] [ERROR] error - 
*************** error log start ***************
request method: GET
request originalUrl:  /api/users/getUser
request client ip:  ::ffff:127.0.0.1
request query:  {}
response time: 9
err name: userNotExist
err message: 用户不存在
err stack: userNotExist: 用户不存在
    at exports.getUser (F:\koa\test\app\controllers\user_controller.js:7:15)
    at dispatch (F:\koa\test\node_modules\_koa-compose@3.2.1@koa-compose\index.js:44:32)
    at next (F:\koa\test\node_modules\_koa-compose@3.2.1@koa-compose\index.js:45:18)
    at F:\koa\test\node_modules\_koa-router@7.4.0@koa-router\lib\router.js:346:16
    at dispatch (F:\koa\test\node_modules\_koa-compose@3.2.1@koa-compose\index.js:44:32)
    at F:\koa\test\node_modules\_koa-compose@3.2.1@koa-compose\index.js:36:12
    at dispatch (F:\koa\test\node_modules\_koa-router@7.4.0@koa-router\lib\router.js:351:31)
    at dispatch (F:\koa\test\node_modules\_koa-compose@4.0.0@koa-compose\index.js:42:32)
    at next (F:\koa\test\node_modules\_koa-compose@4.0.0@koa-compose\index.js:43:18)
    at dispatch (F:\koa\test\node_modules\_koa-router@7.4.0@koa-router\lib\router.js:332:32)
    at dispatch (F:\koa\test\node_modules\_koa-compose@4.0.0@koa-compose\index.js:42:32)
    at next (F:\koa\test\node_modules\_koa-compose@4.0.0@koa-compose\index.js:43:18)
    at dispatch (F:\koa\test\node_modules\_koa-router@7.4.0@koa-router\lib\router.js:332:32)
    at dispatch (F:\koa\test\node_modules\_koa-compose@4.0.0@koa-compose\index.js:42:32)
    at next (F:\koa\test\node_modules\_koa-compose@4.0.0@koa-compose\index.js:43:18)
    at F:\koa\test\middlewares\response_formatter.js:32:19
*************** error log end ***************

[2018-03-07T15:14:31.235] [ERROR] error - 
*************** error log start ***************
request method: GET
request originalUrl:  /api/users/getUser?id=1
request client ip:  ::ffff:127.0.0.1
request query:  {"id":"1"}
response time: 1
err name: userNotExist
err message: 用户不存在
err stack: userNotExist: 用户不存在
    at exports.getUser (F:\koa\test\app\controllers\user_controller.js:7:15)
    at dispatch (F:\koa\test\node_modules\_koa-compose@3.2.1@koa-compose\index.js:44:32)
    at next (F:\koa\test\node_modules\_koa-compose@3.2.1@koa-compose\index.js:45:18)
    at F:\koa\test\node_modules\_koa-router@7.4.0@koa-router\lib\router.js:346:16
    at dispatch (F:\koa\test\node_modules\_koa-compose@3.2.1@koa-compose\index.js:44:32)
    at F:\koa\test\node_modules\_koa-compose@3.2.1@koa-compose\index.js:36:12
    at dispatch (F:\koa\test\node_modules\_koa-router@7.4.0@koa-router\lib\router.js:351:31)
    at dispatch (F:\koa\test\node_modules\_koa-compose@4.0.0@koa-compose\index.js:42:32)
    at next (F:\koa\test\node_modules\_koa-compose@4.0.0@koa-compose\index.js:43:18)
    at dispatch (F:\koa\test\node_modules\_koa-router@7.4.0@koa-router\lib\router.js:332:32)
    at dispatch (F:\koa\test\node_modules\_koa-compose@4.0.0@koa-compose\index.js:42:32)
    at next (F:\koa\test\node_modules\_koa-compose@4.0.0@koa-compose\index.js:43:18)
    at dispatch (F:\koa\test\node_modules\_koa-router@7.4.0@koa-router\lib\router.js:332:32)
    at dispatch (F:\koa\test\node_modules\_koa-compose@4.0.0@koa-compose\index.js:42:32)
    at next (F:\koa\test\node_modules\_koa-compose@4.0.0@koa-compose\index.js:43:18)
    at F:\koa\test\middlewares\response_formatter.js:32:19
*************** error log end ***************

[2018-03-07T15:15:17.046] [ERROR] error - 
*************** error log start ***************
request method: GET
request originalUrl:  /api/users/getUser?id=1
request client ip:  ::ffff:127.0.0.1
request query:  {"id":"1"}
response time: 9
err name: userNotExist
err message: 用户不存在
err stack: userNotExist: 用户不存在
    at exports.getUser (F:\koa\test\app\controllers\user_controller.js:7:15)
    at dispatch (F:\koa\test\node_modules\_koa-compose@3.2.1@koa-compose\index.js:44:32)
    at next (F:\koa\test\node_modules\_koa-compose@3.2.1@koa-compose\index.js:45:18)
    at F:\koa\test\node_modules\_koa-router@7.4.0@koa-router\lib\router.js:346:16
    at dispatch (F:\koa\test\node_modules\_koa-compose@3.2.1@koa-compose\index.js:44:32)
    at F:\koa\test\node_modules\_koa-compose@3.2.1@koa-compose\index.js:36:12
    at dispatch (F:\koa\test\node_modules\_koa-router@7.4.0@koa-router\lib\router.js:351:31)
    at dispatch (F:\koa\test\node_modules\_koa-compose@4.0.0@koa-compose\index.js:42:32)
    at next (F:\koa\test\node_modules\_koa-compose@4.0.0@koa-compose\index.js:43:18)
    at dispatch (F:\koa\test\node_modules\_koa-router@7.4.0@koa-router\lib\router.js:332:32)
    at dispatch (F:\koa\test\node_modules\_koa-compose@4.0.0@koa-compose\index.js:42:32)
    at next (F:\koa\test\node_modules\_koa-compose@4.0.0@koa-compose\index.js:43:18)
    at dispatch (F:\koa\test\node_modules\_koa-router@7.4.0@koa-router\lib\router.js:332:32)
    at dispatch (F:\koa\test\node_modules\_koa-compose@4.0.0@koa-compose\index.js:42:32)
    at next (F:\koa\test\node_modules\_koa-compose@4.0.0@koa-compose\index.js:43:18)
    at F:\koa\test\middlewares\response_formatter.js:32:19
*************** error log end ***************

[2018-03-07T15:15:17.793] [ERROR] error - 
*************** error log start ***************
request method: GET
request originalUrl:  /api/users/getUser?id=1
request client ip:  ::ffff:127.0.0.1
request query:  {"id":"1"}
response time: 1
err name: userNotExist
err message: 用户不存在
err stack: userNotExist: 用户不存在
    at exports.getUser (F:\koa\test\app\controllers\user_controller.js:7:15)
    at dispatch (F:\koa\test\node_modules\_koa-compose@3.2.1@koa-compose\index.js:44:32)
    at next (F:\koa\test\node_modules\_koa-compose@3.2.1@koa-compose\index.js:45:18)
    at F:\koa\test\node_modules\_koa-router@7.4.0@koa-router\lib\router.js:346:16
    at dispatch (F:\koa\test\node_modules\_koa-compose@3.2.1@koa-compose\index.js:44:32)
    at F:\koa\test\node_modules\_koa-compose@3.2.1@koa-compose\index.js:36:12
    at dispatch (F:\koa\test\node_modules\_koa-router@7.4.0@koa-router\lib\router.js:351:31)
    at dispatch (F:\koa\test\node_modules\_koa-compose@4.0.0@koa-compose\index.js:42:32)
    at next (F:\koa\test\node_modules\_koa-compose@4.0.0@koa-compose\index.js:43:18)
    at dispatch (F:\koa\test\node_modules\_koa-router@7.4.0@koa-router\lib\router.js:332:32)
    at dispatch (F:\koa\test\node_modules\_koa-compose@4.0.0@koa-compose\index.js:42:32)
    at next (F:\koa\test\node_modules\_koa-compose@4.0.0@koa-compose\index.js:43:18)
    at dispatch (F:\koa\test\node_modules\_koa-router@7.4.0@koa-router\lib\router.js:332:32)
    at dispatch (F:\koa\test\node_modules\_koa-compose@4.0.0@koa-compose\index.js:42:32)
    at next (F:\koa\test\node_modules\_koa-compose@4.0.0@koa-compose\index.js:43:18)
    at F:\koa\test\middlewares\response_formatter.js:32:19
*************** error log end ***************

[2018-03-07T15:15:20.194] [ERROR] error - 
*************** error log start ***************
request method: GET
request originalUrl:  /api/users/getUser
request client ip:  ::ffff:127.0.0.1
request query:  {}
response time: 1
err name: userNotExist
err message: 用户不存在
err stack: userNotExist: 用户不存在
    at exports.getUser (F:\koa\test\app\controllers\user_controller.js:7:15)
    at dispatch (F:\koa\test\node_modules\_koa-compose@3.2.1@koa-compose\index.js:44:32)
    at next (F:\koa\test\node_modules\_koa-compose@3.2.1@koa-compose\index.js:45:18)
    at F:\koa\test\node_modules\_koa-router@7.4.0@koa-router\lib\router.js:346:16
    at dispatch (F:\koa\test\node_modules\_koa-compose@3.2.1@koa-compose\index.js:44:32)
    at F:\koa\test\node_modules\_koa-compose@3.2.1@koa-compose\index.js:36:12
    at dispatch (F:\koa\test\node_modules\_koa-router@7.4.0@koa-router\lib\router.js:351:31)
    at dispatch (F:\koa\test\node_modules\_koa-compose@4.0.0@koa-compose\index.js:42:32)
    at next (F:\koa\test\node_modules\_koa-compose@4.0.0@koa-compose\index.js:43:18)
    at dispatch (F:\koa\test\node_modules\_koa-router@7.4.0@koa-router\lib\router.js:332:32)
    at dispatch (F:\koa\test\node_modules\_koa-compose@4.0.0@koa-compose\index.js:42:32)
    at next (F:\koa\test\node_modules\_koa-compose@4.0.0@koa-compose\index.js:43:18)
    at dispatch (F:\koa\test\node_modules\_koa-router@7.4.0@koa-router\lib\router.js:332:32)
    at dispatch (F:\koa\test\node_modules\_koa-compose@4.0.0@koa-compose\index.js:42:32)
    at next (F:\koa\test\node_modules\_koa-compose@4.0.0@koa-compose\index.js:43:18)
    at F:\koa\test\middlewares\response_formatter.js:32:19
*************** error log end ***************

[2018-03-07T15:15:21.545] [ERROR] error - 
*************** error log start ***************
request method: GET
request originalUrl:  /api/users/getUser
request client ip:  ::ffff:127.0.0.1
request query:  {}
response time: 1
err name: userNotExist
err message: 用户不存在
err stack: userNotExist: 用户不存在
    at exports.getUser (F:\koa\test\app\controllers\user_controller.js:7:15)
    at dispatch (F:\koa\test\node_modules\_koa-compose@3.2.1@koa-compose\index.js:44:32)
    at next (F:\koa\test\node_modules\_koa-compose@3.2.1@koa-compose\index.js:45:18)
    at F:\koa\test\node_modules\_koa-router@7.4.0@koa-router\lib\router.js:346:16
    at dispatch (F:\koa\test\node_modules\_koa-compose@3.2.1@koa-compose\index.js:44:32)
    at F:\koa\test\node_modules\_koa-compose@3.2.1@koa-compose\index.js:36:12
    at dispatch (F:\koa\test\node_modules\_koa-router@7.4.0@koa-router\lib\router.js:351:31)
    at dispatch (F:\koa\test\node_modules\_koa-compose@4.0.0@koa-compose\index.js:42:32)
    at next (F:\koa\test\node_modules\_koa-compose@4.0.0@koa-compose\index.js:43:18)
    at dispatch (F:\koa\test\node_modules\_koa-router@7.4.0@koa-router\lib\router.js:332:32)
    at dispatch (F:\koa\test\node_modules\_koa-compose@4.0.0@koa-compose\index.js:42:32)
    at next (F:\koa\test\node_modules\_koa-compose@4.0.0@koa-compose\index.js:43:18)
    at dispatch (F:\koa\test\node_modules\_koa-router@7.4.0@koa-router\lib\router.js:332:32)
    at dispatch (F:\koa\test\node_modules\_koa-compose@4.0.0@koa-compose\index.js:42:32)
    at next (F:\koa\test\node_modules\_koa-compose@4.0.0@koa-compose\index.js:43:18)
    at F:\koa\test\middlewares\response_formatter.js:32:19
*************** error log end ***************

[2018-03-07T15:16:32.323] [ERROR] error - 
*************** error log start ***************
request method: GET
request originalUrl:  /api/users/getUser
request client ip:  ::ffff:127.0.0.1
request query:  {}
response time: 8
err name: userNotExist
err message: 用户不存在
err stack: userNotExist: 用户不存在
    at exports.getUser (F:\koa\test\app\controllers\user_controller.js:7:15)
    at dispatch (F:\koa\test\node_modules\_koa-compose@3.2.1@koa-compose\index.js:44:32)
    at next (F:\koa\test\node_modules\_koa-compose@3.2.1@koa-compose\index.js:45:18)
    at F:\koa\test\node_modules\_koa-router@7.4.0@koa-router\lib\router.js:346:16
    at dispatch (F:\koa\test\node_modules\_koa-compose@3.2.1@koa-compose\index.js:44:32)
    at F:\koa\test\node_modules\_koa-compose@3.2.1@koa-compose\index.js:36:12
    at dispatch (F:\koa\test\node_modules\_koa-router@7.4.0@koa-router\lib\router.js:351:31)
    at dispatch (F:\koa\test\node_modules\_koa-compose@4.0.0@koa-compose\index.js:42:32)
    at next (F:\koa\test\node_modules\_koa-compose@4.0.0@koa-compose\index.js:43:18)
    at dispatch (F:\koa\test\node_modules\_koa-router@7.4.0@koa-router\lib\router.js:332:32)
    at dispatch (F:\koa\test\node_modules\_koa-compose@4.0.0@koa-compose\index.js:42:32)
    at next (F:\koa\test\node_modules\_koa-compose@4.0.0@koa-compose\index.js:43:18)
    at dispatch (F:\koa\test\node_modules\_koa-router@7.4.0@koa-router\lib\router.js:332:32)
    at dispatch (F:\koa\test\node_modules\_koa-compose@4.0.0@koa-compose\index.js:42:32)
    at next (F:\koa\test\node_modules\_koa-compose@4.0.0@koa-compose\index.js:43:18)
    at F:\koa\test\middlewares\response_formatter.js:32:19
*************** error log end ***************

[2018-03-07T15:16:39.633] [ERROR] error - 
*************** error log start ***************
request method: GET
request originalUrl:  /api/users/getUser
request client ip:  ::ffff:127.0.0.1
request query:  {}
response time: 1
err name: userNotExist
err message: 用户不存在
err stack: userNotExist: 用户不存在
    at exports.getUser (F:\koa\test\app\controllers\user_controller.js:7:15)
    at dispatch (F:\koa\test\node_modules\_koa-compose@3.2.1@koa-compose\index.js:44:32)
    at next (F:\koa\test\node_modules\_koa-compose@3.2.1@koa-compose\index.js:45:18)
    at F:\koa\test\node_modules\_koa-router@7.4.0@koa-router\lib\router.js:346:16
    at dispatch (F:\koa\test\node_modules\_koa-compose@3.2.1@koa-compose\index.js:44:32)
    at F:\koa\test\node_modules\_koa-compose@3.2.1@koa-compose\index.js:36:12
    at dispatch (F:\koa\test\node_modules\_koa-router@7.4.0@koa-router\lib\router.js:351:31)
    at dispatch (F:\koa\test\node_modules\_koa-compose@4.0.0@koa-compose\index.js:42:32)
    at next (F:\koa\test\node_modules\_koa-compose@4.0.0@koa-compose\index.js:43:18)
    at dispatch (F:\koa\test\node_modules\_koa-router@7.4.0@koa-router\lib\router.js:332:32)
    at dispatch (F:\koa\test\node_modules\_koa-compose@4.0.0@koa-compose\index.js:42:32)
    at next (F:\koa\test\node_modules\_koa-compose@4.0.0@koa-compose\index.js:43:18)
    at dispatch (F:\koa\test\node_modules\_koa-router@7.4.0@koa-router\lib\router.js:332:32)
    at dispatch (F:\koa\test\node_modules\_koa-compose@4.0.0@koa-compose\index.js:42:32)
    at next (F:\koa\test\node_modules\_koa-compose@4.0.0@koa-compose\index.js:43:18)
    at F:\koa\test\middlewares\response_formatter.js:32:19
*************** error log end ***************

[2018-03-07T15:16:44.466] [ERROR] error - 
*************** error log start ***************
request method: GET
request originalUrl:  /api/users/getUser?id=2
request client ip:  ::ffff:127.0.0.1
request query:  {"id":"2"}
response time: 2
err name: userNotExist
err message: 用户不存在
err stack: userNotExist: 用户不存在
    at exports.getUser (F:\koa\test\app\controllers\user_controller.js:7:15)
    at dispatch (F:\koa\test\node_modules\_koa-compose@3.2.1@koa-compose\index.js:44:32)
    at next (F:\koa\test\node_modules\_koa-compose@3.2.1@koa-compose\index.js:45:18)
    at F:\koa\test\node_modules\_koa-router@7.4.0@koa-router\lib\router.js:346:16
    at dispatch (F:\koa\test\node_modules\_koa-compose@3.2.1@koa-compose\index.js:44:32)
    at F:\koa\test\node_modules\_koa-compose@3.2.1@koa-compose\index.js:36:12
    at dispatch (F:\koa\test\node_modules\_koa-router@7.4.0@koa-router\lib\router.js:351:31)
    at dispatch (F:\koa\test\node_modules\_koa-compose@4.0.0@koa-compose\index.js:42:32)
    at next (F:\koa\test\node_modules\_koa-compose@4.0.0@koa-compose\index.js:43:18)
    at dispatch (F:\koa\test\node_modules\_koa-router@7.4.0@koa-router\lib\router.js:332:32)
    at dispatch (F:\koa\test\node_modules\_koa-compose@4.0.0@koa-compose\index.js:42:32)
    at next (F:\koa\test\node_modules\_koa-compose@4.0.0@koa-compose\index.js:43:18)
    at dispatch (F:\koa\test\node_modules\_koa-router@7.4.0@koa-router\lib\router.js:332:32)
    at dispatch (F:\koa\test\node_modules\_koa-compose@4.0.0@koa-compose\index.js:42:32)
    at next (F:\koa\test\node_modules\_koa-compose@4.0.0@koa-compose\index.js:43:18)
    at F:\koa\test\middlewares\response_formatter.js:32:19
*************** error log end ***************

[2018-03-07T15:17:22.035] [ERROR] error - 
*************** error log start ***************
request method: GET
request originalUrl:  /api/users/getUser
request client ip:  ::ffff:127.0.0.1
request query:  {}
response time: 2
err name: userNotExist
err message: 用户不存在
err stack: userNotExist: 用户不存在
    at exports.getUser (F:\koa\test\app\controllers\user_controller.js:6:15)
    at dispatch (F:\koa\test\node_modules\_koa-compose@3.2.1@koa-compose\index.js:44:32)
    at next (F:\koa\test\node_modules\_koa-compose@3.2.1@koa-compose\index.js:45:18)
    at F:\koa\test\node_modules\_koa-router@7.4.0@koa-router\lib\router.js:346:16
    at dispatch (F:\koa\test\node_modules\_koa-compose@3.2.1@koa-compose\index.js:44:32)
    at F:\koa\test\node_modules\_koa-compose@3.2.1@koa-compose\index.js:36:12
    at dispatch (F:\koa\test\node_modules\_koa-router@7.4.0@koa-router\lib\router.js:351:31)
    at dispatch (F:\koa\test\node_modules\_koa-compose@4.0.0@koa-compose\index.js:42:32)
    at next (F:\koa\test\node_modules\_koa-compose@4.0.0@koa-compose\index.js:43:18)
    at dispatch (F:\koa\test\node_modules\_koa-router@7.4.0@koa-router\lib\router.js:332:32)
    at dispatch (F:\koa\test\node_modules\_koa-compose@4.0.0@koa-compose\index.js:42:32)
    at next (F:\koa\test\node_modules\_koa-compose@4.0.0@koa-compose\index.js:43:18)
    at dispatch (F:\koa\test\node_modules\_koa-router@7.4.0@koa-router\lib\router.js:332:32)
    at dispatch (F:\koa\test\node_modules\_koa-compose@4.0.0@koa-compose\index.js:42:32)
    at next (F:\koa\test\node_modules\_koa-compose@4.0.0@koa-compose\index.js:43:18)
    at F:\koa\test\middlewares\response_formatter.js:32:19
*************** error log end ***************

[2018-03-07T15:18:02.610] [ERROR] error - 
*************** error log start ***************
request method: GET
request originalUrl:  /api/users/getUser
request client ip:  ::ffff:127.0.0.1
request query:  {}
response time: 1
err name: userNotExist
err message: 用户不存在
err stack: userNotExist: 用户不存在
    at exports.getUser (F:\koa\test\app\controllers\user_controller.js:6:15)
    at dispatch (F:\koa\test\node_modules\_koa-compose@3.2.1@koa-compose\index.js:44:32)
    at next (F:\koa\test\node_modules\_koa-compose@3.2.1@koa-compose\index.js:45:18)
    at F:\koa\test\node_modules\_koa-router@7.4.0@koa-router\lib\router.js:346:16
    at dispatch (F:\koa\test\node_modules\_koa-compose@3.2.1@koa-compose\index.js:44:32)
    at F:\koa\test\node_modules\_koa-compose@3.2.1@koa-compose\index.js:36:12
    at dispatch (F:\koa\test\node_modules\_koa-router@7.4.0@koa-router\lib\router.js:351:31)
    at dispatch (F:\koa\test\node_modules\_koa-compose@4.0.0@koa-compose\index.js:42:32)
    at next (F:\koa\test\node_modules\_koa-compose@4.0.0@koa-compose\index.js:43:18)
    at dispatch (F:\koa\test\node_modules\_koa-router@7.4.0@koa-router\lib\router.js:332:32)
    at dispatch (F:\koa\test\node_modules\_koa-compose@4.0.0@koa-compose\index.js:42:32)
    at next (F:\koa\test\node_modules\_koa-compose@4.0.0@koa-compose\index.js:43:18)
    at dispatch (F:\koa\test\node_modules\_koa-router@7.4.0@koa-router\lib\router.js:332:32)
    at dispatch (F:\koa\test\node_modules\_koa-compose@4.0.0@koa-compose\index.js:42:32)
    at next (F:\koa\test\node_modules\_koa-compose@4.0.0@koa-compose\index.js:43:18)
    at F:\koa\test\middlewares\response_formatter.js:32:19
*************** error log end ***************

[2018-03-07T15:25:56.945] [ERROR] error - 
*************** error log start ***************
request method: GET
request originalUrl:  /api/users/getUser
request client ip:  ::ffff:127.0.0.1
request query:  {}
response time: 9
err name: userNotExist
err message: 用户不存在
err stack: userNotExist: 用户不存在
    at exports.getUser (F:\koa\test\app\controllers\user_controller.js:6:15)
    at dispatch (F:\koa\test\node_modules\_koa-compose@3.2.1@koa-compose\index.js:44:32)
    at next (F:\koa\test\node_modules\_koa-compose@3.2.1@koa-compose\index.js:45:18)
    at F:\koa\test\node_modules\_koa-router@7.4.0@koa-router\lib\router.js:346:16
    at dispatch (F:\koa\test\node_modules\_koa-compose@3.2.1@koa-compose\index.js:44:32)
    at F:\koa\test\node_modules\_koa-compose@3.2.1@koa-compose\index.js:36:12
    at dispatch (F:\koa\test\node_modules\_koa-router@7.4.0@koa-router\lib\router.js:351:31)
    at dispatch (F:\koa\test\node_modules\_koa-compose@4.0.0@koa-compose\index.js:42:32)
    at next (F:\koa\test\node_modules\_koa-compose@4.0.0@koa-compose\index.js:43:18)
    at dispatch (F:\koa\test\node_modules\_koa-router@7.4.0@koa-router\lib\router.js:332:32)
    at dispatch (F:\koa\test\node_modules\_koa-compose@4.0.0@koa-compose\index.js:42:32)
    at next (F:\koa\test\node_modules\_koa-compose@4.0.0@koa-compose\index.js:43:18)
    at dispatch (F:\koa\test\node_modules\_koa-router@7.4.0@koa-router\lib\router.js:332:32)
    at dispatch (F:\koa\test\node_modules\_koa-compose@4.0.0@koa-compose\index.js:42:32)
    at next (F:\koa\test\node_modules\_koa-compose@4.0.0@koa-compose\index.js:43:18)
    at F:\koa\test\middlewares\response_formatter.js:32:19
*************** error log end ***************

