[2018-03-07T11:13:40.150] [ERROR] error - 
*************** error log start ***************
request method: GET
request originalUrl:  /api/users/getUser
request client ip:  ::ffff:127.0.0.1
request query:  {}
response time: 10
err name: ReferenceError
err message: ApiError is not defined
err stack: ReferenceError: ApiError is not defined
    at F:\koa\test\middlewares\response_formatter.js:33:33
    at <anonymous>
*************** error log end ***************

[2018-03-07T11:16:06.945] [ERROR] error - 
*************** error log start ***************
request method: GET
request originalUrl:  /api/users/getUser
request client ip:  ::ffff:127.0.0.1
request query:  {}
response time: 0
err name: ReferenceError
err message: ApiError is not defined
err stack: ReferenceError: ApiError is not defined
    at F:\koa\test\middlewares\response_formatter.js:33:33
    at <anonymous>
*************** error log end ***************

[2018-03-07T11:17:07.168] [ERROR] error - 
*************** error log start ***************
request method: GET
request originalUrl:  /api/users/getUser
request client ip:  ::ffff:127.0.0.1
request query:  {}
response time: 3
err name: ReferenceError
err message: ApiError is not defined
err stack: ReferenceError: ApiError is not defined
    at F:\koa\test\middlewares\response_formatter.js:33:33
    at <anonymous>
*************** error log end ***************

[2018-03-07T11:22:00.536] [ERROR] error - 
*************** error log start ***************
request method: GET
request originalUrl:  /api/users/getUser
request client ip:  ::ffff:127.0.0.1
request query:  {}
response time: 8
err name: ReferenceError
err message: ApiError is not defined
err stack: ReferenceError: ApiError is not defined
    at F:\koa\test\middlewares\response_formatter.js:33:33
    at <anonymous>
*************** error log end ***************

[2018-03-07T11:23:20.993] [ERROR] error - 
*************** error log start ***************
request method: GET
request originalUrl:  /api/users/getUser
request client ip:  ::ffff:127.0.0.1
request query:  {}
response time: 8
err name: ReferenceError
err message: ApiError is not defined
err stack: ReferenceError: ApiError is not defined
    at F:\koa\test\middlewares\response_formatter.js:33:33
    at <anonymous>
*************** error log end ***************

[2018-03-07T11:24:07.690] [ERROR] error - 
*************** error log start ***************
request method: GET
request originalUrl:  /api/users/getUser
request client ip:  ::ffff:127.0.0.1
request query:  {}
response time: 8
err name: ReferenceError
err message: ApiError is not defined
err stack: ReferenceError: ApiError is not defined
    at F:\koa\test\middlewares\response_formatter.js:33:33
    at <anonymous>
*************** error log end ***************

[2018-03-07T11:39:09.381] [ERROR] error - 
*************** error log start ***************
request method: GET
request originalUrl:  /api/users/getUser
request client ip:  ::ffff:127.0.0.1
request query:  {}
response time: 9
err name: ReferenceError
err message: ApiError is not defined
err stack: ReferenceError: ApiError is not defined
    at F:\koa\test\middlewares\response_formatter.js:33:33
    at <anonymous>
*************** error log end ***************

[2018-03-07T11:40:05.461] [ERROR] error - 
*************** error log start ***************
request method: GET
request originalUrl:  /api/users/getUser
request client ip:  ::ffff:127.0.0.1
request query:  {}
response time: 8
err name: ReferenceError
err message: ApiError is not defined
err stack: ReferenceError: ApiError is not defined
    at F:\koa\test\middlewares\response_formatter.js:33:33
    at <anonymous>
*************** error log end ***************

[2018-03-07T11:42:47.725] [ERROR] error - 
*************** error log start ***************
request method: GET
request originalUrl:  /api/users/getUser
request client ip:  ::ffff:127.0.0.1
request query:  {}
response time: 8
err name: ReferenceError
err message: ApiError is not defined
err stack: ReferenceError: ApiError is not defined
    at F:\koa\test\middlewares\response_formatter.js:33:33
    at <anonymous>
*************** error log end ***************

[2018-03-07T11:49:12.714] [ERROR] error - 
*************** error log start ***************
request method: GET
request originalUrl:  /api/users/getUser
request client ip:  ::ffff:127.0.0.1
request query:  {}
response time: 9
err name: ReferenceError
err message: ApiError is not defined
err stack: ReferenceError: ApiError is not defined
    at F:\koa\test\middlewares\response_formatter.js:34:33
    at <anonymous>
*************** error log end ***************

[2018-03-07T11:50:07.807] [ERROR] error - 
*************** error log start ***************
request method: GET
request originalUrl:  /api/users/getUser
request client ip:  ::ffff:127.0.0.1
request query:  {}
response time: 1
err name: ReferenceError
err message: ApiError is not defined
err stack: ReferenceError: ApiError is not defined
    at F:\koa\test\middlewares\response_formatter.js:34:33
    at <anonymous>
*************** error log end ***************

[2018-03-07T11:50:49.890] [ERROR] error - 
*************** error log start ***************
request method: GET
request originalUrl:  /api/users/getUser
request client ip:  ::ffff:127.0.0.1
request query:  {}
response time: 7
err name: ReferenceError
err message: ApiError is not defined
err stack: ReferenceError: ApiError is not defined
    at F:\koa\test\middlewares\response_formatter.js:34:33
    at <anonymous>
*************** error log end ***************

[2018-03-07T11:51:23.452] [ERROR] error - 
*************** error log start ***************
request method: GET
request originalUrl:  /api/users/getUser
request client ip:  ::ffff:127.0.0.1
request query:  {}
response time: 10
err name: ReferenceError
err message: ApiError is not defined
err stack: ReferenceError: ApiError is not defined
    at F:\koa\test\middlewares\response_formatter.js:34:33
    at <anonymous>
*************** error log end ***************

[2018-03-07T11:52:36.414] [ERROR] error - 
*************** error log start ***************
request method: GET
request originalUrl:  /api/users/getUser
request client ip:  ::ffff:127.0.0.1
request query:  {}
response time: 11
err name: ReferenceError
err message: ApiError is not defined
err stack: ReferenceError: ApiError is not defined
    at F:\koa\test\middlewares\response_formatter.js:34:33
    at <anonymous>
*************** error log end ***************

[2018-03-07T11:54:00.148] [ERROR] error - 
*************** error log start ***************
request method: GET
request originalUrl:  /api/users/getUser
request client ip:  ::ffff:127.0.0.1
request query:  {}
response time: 8
err name: ReferenceError
err message: ApiError is not defined
err stack: ReferenceError: ApiError is not defined
    at F:\koa\test\middlewares\response_formatter.js:34:33
    at <anonymous>
*************** error log end ***************

[2018-03-07T11:55:45.565] [ERROR] error - 
*************** error log start ***************
request method: GET
request originalUrl:  /api/users/getUser
request client ip:  ::ffff:127.0.0.1
request query:  {}
response time: 3
err name: ReferenceError
err message: ApiError is not defined
err stack: ReferenceError: ApiError is not defined
    at F:\koa\test\middlewares\response_formatter.js:34:33
    at <anonymous>
*************** error log end ***************

[2018-03-07T11:57:01.815] [ERROR] error - 
*************** error log start ***************
request method: GET
request originalUrl:  /api/users/getUser
request client ip:  ::ffff:127.0.0.1
request query:  {}
response time: 7
err name: ReferenceError
err message: ApiError is not defined
err stack: ReferenceError: ApiError is not defined
    at F:\koa\test\middlewares\response_formatter.js:33:33
    at <anonymous>
*************** error log end ***************

