[2018-03-06T14:29:04.879] [INFO] responseLogger - 
*************** response log start ***************
request method: GET
request originalUrl:  /
request client ip:  ::ffff:127.0.0.1
request query:  {}
response time: 481
response status: 200
response body: 
"<!DOCTYPE html><html><head><title>Hello Koa 2!</title><link rel=\"stylesheet\" href=\"/stylesheets/style.css\"></head><body><h1>Hello Koa 2!</h1><p>Welcome to Hello Koa 2!</p></body></html>"
*************** response log end ***************

[2018-03-06T14:29:04.900] [INFO] responseLogger - 
*************** response log start ***************
request method: GET
request originalUrl:  /stylesheets/style.css
request client ip:  ::ffff:127.0.0.1
request query:  {}
response time: 3
response status: 200
response body: 
{"_readableState":{"objectMode":false,"highWaterMark":65536,"buffer":{"head":null,"tail":null,"length":0},"length":0,"pipes":null,"pipesCount":0,"flowing":null,"ended":false,"endEmitted":false,"reading":false,"sync":true,"needReadable":false,"emittedReadable":false,"readableListening":false,"resumeScheduled":false,"destroyed":false,"defaultEncoding":"utf8","awaitDrain":0,"readingMore":false,"decoder":null,"encoding":null},"readable":true,"domain":null,"_events":{},"_eventsCount":2,"path":"F:\\koa\\test\\public\\stylesheets\\style.css","fd":null,"flags":"r","mode":438,"autoClose":true,"bytesRead":0}
*************** response log end ***************

[2018-03-06T14:34:21.055] [ERROR] error - 
*************** error log start ***************
request method: GET
request originalUrl:  /
request client ip:  ::ffff:127.0.0.1
request query:  {}
response time: 560
err name: ReferenceError
err message: a is not defined
err stack: ReferenceError: a is not defined
    at app.use (F:\koa\test\app.js:28:5)
    at <anonymous>
*************** error log end ***************

[2018-03-06T14:34:21.071] [ERROR] error - 
*************** error log start ***************
request method: GET
request originalUrl:  /stylesheets/style.css
request client ip:  ::ffff:127.0.0.1
request query:  {}
response time: 1
err name: ReferenceError
err message: a is not defined
err stack: ReferenceError: a is not defined
    at app.use (F:\koa\test\app.js:28:5)
    at <anonymous>
*************** error log end ***************

[2018-03-06T14:35:02.941] [ERROR] error - 
*************** error log start ***************
request method: GET
request originalUrl:  /
request client ip:  ::ffff:127.0.0.1
request query:  {}
response time: 508
err name: ReferenceError
err message: a is not defined
err stack: ReferenceError: a is not defined
    at app.use (F:\koa\test\app.js:26:5)
    at <anonymous>
*************** error log end ***************

[2018-03-06T14:35:02.953] [ERROR] error - 
*************** error log start ***************
request method: GET
request originalUrl:  /stylesheets/style.css
request client ip:  ::ffff:127.0.0.1
request query:  {}
response time: 2
err name: ReferenceError
err message: a is not defined
err stack: ReferenceError: a is not defined
    at app.use (F:\koa\test\app.js:26:5)
    at <anonymous>
*************** error log end ***************

